<?xml version="1.0" encoding="UTF-8"?>
<!-- Generated by org.testng.reporters.JUnitReportReporter -->
<testsuite hostname="sekharreddy41" failures="0" tests="1" name="driverfactory.AppTest" time="23.065" errors="0" timestamp="2024-05-31T17:19:57 IST" skipped="0">
  <testcase classname="driverfactory.AppTest" name="startTest" time="23.065">
    <system-out>
      <![CDATA[No of rows are ::2
Customer-00000006562      Customer-00000006562
Customer-00000006563      Customer-00000006563]]>
    </system-out>
  </testcase> <!-- startTest -->
  <system-out>
    <![CDATA[No of rows are ::2
Customer-00000006562      Customer-00000006562
Customer-00000006563      Customer-00000006563]]>
  </system-out>
</testsuite> <!-- driverfactory.AppTest -->
